
> admin-web-app@0.0.1 build
> vite build

[36mvite v6.3.5 [32mbuilding for production...[36m[39m
transforming...
[32mΓ£ô[39m 5 modules transformed.
node.exe : [31mΓ£ù[39m 
Build failed in 134ms
At line:1 char:1
+ & "C:\Program 
Files\nodejs/node.exe" 
"C:\Program 
Files\nodejs/node_mo ...
+ ~~~~~~~~~~~~~~~~~~~~~~~~~~
~~~~~~~~~~~~~~~~~~~~~~~~~~~~
~~~~~~~~~~~~~~~
    + CategoryInfo          
    : NotSpecified: ([31m  
  Γ£ù[39m Build failed i   
 n 134ms:String) [], Rem    
oteException
    + FullyQualifiedErrorId 
    : NativeCommandError
 
[31merror during build:
[31m[@tailwindcss/vite:gene
rate:build] Invalid 
declaration: `API_URL`[31m
file: [36mC:/Users/sethu/On
eDrive/Desktop/gymkaana owne
r/admin-web-app/src/styles/i
ndex.css[31m
    at me (file:///C:/Users/
sethu/OneDrive/Desktop/gymka
ana%20owner/admin-web-app/no
de_modules/tailwindcss/dist/
chunk-G2G5QLSU.mjs:1:2650)
    at file:///C:/Users/seth
u/OneDrive/Desktop/gymkaana%
20owner/admin-web-app/node_m
odules/tailwindcss/dist/chun
k-G2G5QLSU.mjs:18:2634
    at async Promise.all 
(index 0)
    at async $t (file:///C:/
Users/sethu/OneDrive/Desktop
/gymkaana%20owner/admin-web-
app/node_modules/tailwindcss
/dist/chunk-G2G5QLSU.mjs:18:
2767)
    at async ti (file:///C:/
Users/sethu/OneDrive/Desktop
/gymkaana%20owner/admin-web-
app/node_modules/tailwindcss
/dist/chunk-G2G5QLSU.mjs:31:
2314)
    at async mn (file:///C:/
Users/sethu/OneDrive/Desktop
/gymkaana%20owner/admin-web-
app/node_modules/tailwindcss
/dist/chunk-G2G5QLSU.mjs:35:
1123)
    at async $a (file:///C:/
Users/sethu/OneDrive/Desktop
/gymkaana%20owner/admin-web-
app/node_modules/tailwindcss
/dist/chunk-G2G5QLSU.mjs:35:
1898)
    at async $a (file:///C:/
Users/sethu/OneDrive/Desktop
/gymkaana%20owner/admin-web-
app/node_modules/@tailwindcs
s/node/dist/index.mjs:10:343
3)
    at async C.generate (fil
e:///C:/Users/sethu/OneDrive
/Desktop/gymkaana%20owner/ad
min-web-app/node_modules/@ta
ilwindcss/vite/dist/index.mj
s:1:3571)
    at async 
Object.transform (file:///C:
/Users/sethu/OneDrive/Deskto
p/gymkaana%20owner/admin-web
-app/node_modules/@tailwindc
ss/vite/dist/index.mjs:1:233
8)[39m
